error: Error during image loading and conversion for path ./labeled_images/Mohamed_Adil/1.jpg: ENOENT, No such file or directory './labeled_images/Mohamed_Adil/1.jpg'
error: Error during server setup: ENOENT, No such file or directory './labeled_images/Mohamed_Adil/1.jpg'
error: Error during server setup: ann is not defined
error: Error during server setup: newFaceDescriptor is not defined
error: Error during server setup: knownFaceEmbeddings is not defined
error: Error during server setup: faceapi.detectAllFaces(...).withFaceDescriptors is not a function
error: Error during server setup: faceapi.detectAllFaces(...).withFaceDescriptors is not a function
error: Error during server setup: faceapi.detectAllFaces(...).withFaceDescriptors is not a function
error: Error during server setup: faceapi.detectAllFaces(...).withFaceDescriptors is not a function
error: Error during image loading and conversion for path ./labeled_images/Mohamed_Adil/1.jpg: ENOENT, No such file or directory './labeled_images/Mohamed_Adil/1.jpg'
error: Error during image loading and conversion for path ./labeled_images/Amera_Alokail/1.jpg: ENOENT, No such file or directory './labeled_images/Amera_Alokail/1.jpg'
error: Error during image loading and conversion for path ./labeled_images/Dr_Elie/1.jpg: ENOENT, No such file or directory './labeled_images/Dr_Elie/1.jpg'
error: Error during image loading and conversion for path ./labeled_images/Sarah_AlTujjar/1.jpg: ENOENT, No such file or directory './labeled_images/Sarah_AlTujjar/1.jpg'
error: Error during image loading and conversion for path ./labeled_images/Bernard_Baloukjy/1.jpg: ENOENT, No such file or directory './labeled_images/Bernard_Baloukjy/1.jpg'
error: Error during image loading and conversion for path ./labeled_images/Anthony_Najem/1.jpg: ENOENT, No such file or directory './labeled_images/Anthony_Najem/1.jpg'
error: Error during image loading and conversion for path ./labeled_images/Nabeel_Abbasi/1.jpg: ENOENT, No such file or directory './labeled_images/Nabeel_Abbasi/1.jpg'
error: Error during image loading and conversion for path ./labeled_images/Dania_Hamdallah/1.jpg: ENOENT, No such file or directory './labeled_images/Dania_Hamdallah/1.jpg'
error: Error during image loading and conversion for path ./labeled_images/Bilal_Anwar/1.jpg: ENOENT, No such file or directory './labeled_images/Bilal_Anwar/1.jpg'
error: Error during image loading and conversion for path ./labeled_images/Abdullah_AbuSelmiya/1.jpg: ENOENT, No such file or directory './labeled_images/Abdullah_AbuSelmiya/1.jpg'
error: Error during image loading and conversion for path ./labeled_images/Esraa_Alqarni/1.jpg: ENOENT, No such file or directory './labeled_images/Esraa_Alqarni/1.jpg'
error: Error during image loading and conversion for path ./labeled_images/Yousef_Fathallah/1.jpg: ENOENT, No such file or directory './labeled_images/Yousef_Fathallah/1.jpg'
error: Error during server setup: ENOENT, No such file or directory './labeled_images/Mohamed_Adil/1.jpg'
error: Error during server setup: ENOENT, No such file or directory './labeled_images/Amera_Alokail/1.jpg'
error: Error during server setup: ENOENT, No such file or directory './labeled_images/Dr_Elie/1.jpg'
error: Error during server setup: ENOENT, No such file or directory './labeled_images/Sarah_AlTujjar/1.jpg'
error: Error during server setup: ENOENT, No such file or directory './labeled_images/Bernard_Baloukjy/1.jpg'
error: Error during server setup: ENOENT, No such file or directory './labeled_images/Anthony_Najem/1.jpg'
error: Error during server setup: ENOENT, No such file or directory './labeled_images/Nabeel_Abbasi/1.jpg'
error: Error during server setup: ENOENT, No such file or directory './labeled_images/Dania_Hamdallah/1.jpg'
error: Error during server setup: ENOENT, No such file or directory './labeled_images/Bilal_Anwar/1.jpg'
error: Error during server setup: ENOENT, No such file or directory './labeled_images/Abdullah_AbuSelmiya/1.jpg'
error: Error during server setup: ENOENT, No such file or directory './labeled_images/Esraa_Alqarni/1.jpg'
error: Error during server setup: ENOENT, No such file or directory './labeled_images/Yousef_Fathallah/1.jpg'
error: Error during image loading and conversion for path ./labeled_images/Ahmed/3.jpeg: ENOENT, No such file or directory './labeled_images/Ahmed/3.jpeg'
error: Error during server setup: ENOENT, No such file or directory './labeled_images/Ahmed/3.jpeg'
error: Error during image loading and conversion for path ./labeled_images/Ahmed/3.jpeg: ENOENT, No such file or directory './labeled_images/Ahmed/3.jpeg'
error: Error during server setup: ENOENT, No such file or directory './labeled_images/Ahmed/3.jpeg'
error: Error during image loading and conversion for path ./labeled_images/Ahmed/3.jpeg: ENOENT, No such file or directory './labeled_images/Ahmed/3.jpeg'
error: Error during image loading and conversion for path ./labeled_images/Ahmed/3.jpeg: ENOENT, No such file or directory './labeled_images/Ahmed/3.jpeg'
error: Error during server setup: ENOENT, No such file or directory './labeled_images/Ahmed/3.jpeg'
error: Error during face recognition: Cannot read properties of undefined (reading 'find')
error: Error during server setup: label is not defined
error: Error during server setup: label is not defined
error: Error during server setup: Cannot read properties of undefined (reading 'Sarah_AlTujjar')
error: Error during server setup: label is not defined
error: Error during server setup: Cannot read properties of undefined (reading 'label')
error: Error during image loading and conversion for path ./labeled_images/Nabeel Abbasi/6.jpeg: ENOENT, No such file or directory './labeled_images/Nabeel Abbasi/6.jpeg'
error: Error during server setup: ENOENT, No such file or directory './labeled_images/Nabeel Abbasi/6.jpeg'
error: Error during server setup: Face not detected for e33eee/0
error: Error during image loading and conversion for path ./labeled_images/احمد حمود البكر/0.jpeg: ENOENT, No such file or directory './labeled_images/احمد حمود البكر/0.jpeg'
error: Error during image loading and conversion for path ./labeled_images/سلطان فهيد العجمي/0.jpeg: ENOENT, No such file or directory './labeled_images/سلطان فهيد العجمي/0.jpeg'
error: Error during image loading and conversion for path ./labeled_images/عبدالرحمن سعيد الجهني/0.jpeg: ENOENT, No such file or directory './labeled_images/عبدالرحمن سعيد الجهني/0.jpeg'
error: Error during image loading and conversion for path ./labeled_images/عبدالله سعود العريفي/0.jpeg: ENOENT, No such file or directory './labeled_images/عبدالله سعود العريفي/0.jpeg'
error: Error during image loading and conversion for path ./labeled_images/فهد محمد الدوسري/0.jpeg: ENOENT, No such file or directory './labeled_images/فهد محمد الدوسري/0.jpeg'
error: Error during image loading and conversion for path ./labeled_images/مهند حسين الدوسري/0.jpeg: ENOENT, No such file or directory './labeled_images/مهند حسين الدوسري/0.jpeg'
error: Error during server setup: ENOENT, No such file or directory './labeled_images/احمد حمود البكر/0.jpeg'
error: Error during server setup: ENOENT, No such file or directory './labeled_images/سلطان فهيد العجمي/0.jpeg'
error: Error during server setup: ENOENT, No such file or directory './labeled_images/عبدالرحمن سعيد الجهني/0.jpeg'
error: Error during server setup: ENOENT, No such file or directory './labeled_images/عبدالله سعود العريفي/0.jpeg'
error: Error during server setup: ENOENT, No such file or directory './labeled_images/فهد محمد الدوسري/0.jpeg'
error: Error during server setup: ENOENT, No such file or directory './labeled_images/مهند حسين الدوسري/0.jpeg'
error: Error during image loading and conversion for path ./labeled_images/احمد حمود البكر/0.jpeg: ENOENT, No such file or directory './labeled_images/احمد حمود البكر/0.jpeg'
error: Error during image loading and conversion for path ./labeled_images/سلطان فهيد العجمي/0.jpeg: ENOENT, No such file or directory './labeled_images/سلطان فهيد العجمي/0.jpeg'
error: Error during image loading and conversion for path ./labeled_images/عبدالرحمن سعيد الجهني/0.jpeg: ENOENT, No such file or directory './labeled_images/عبدالرحمن سعيد الجهني/0.jpeg'
error: Error during image loading and conversion for path ./labeled_images/عبدالله سعود العريفي/0.jpeg: ENOENT, No such file or directory './labeled_images/عبدالله سعود العريفي/0.jpeg'
error: Error during image loading and conversion for path ./labeled_images/فهد محمد الدوسري/0.jpeg: ENOENT, No such file or directory './labeled_images/فهد محمد الدوسري/0.jpeg'
error: Error during image loading and conversion for path ./labeled_images/مهند حسين الدوسري/0.jpeg: ENOENT, No such file or directory './labeled_images/مهند حسين الدوسري/0.jpeg'
error: Error during server setup: ENOENT, No such file or directory './labeled_images/احمد حمود البكر/0.jpeg'
error: Error during server setup: ENOENT, No such file or directory './labeled_images/سلطان فهيد العجمي/0.jpeg'
error: Error during server setup: ENOENT, No such file or directory './labeled_images/عبدالرحمن سعيد الجهني/0.jpeg'
error: Error during server setup: ENOENT, No such file or directory './labeled_images/عبدالله سعود العريفي/0.jpeg'
error: Error during server setup: ENOENT, No such file or directory './labeled_images/فهد محمد الدوسري/0.jpeg'
error: Error during server setup: ENOENT, No such file or directory './labeled_images/مهند حسين الدوسري/0.jpeg'
error: Error during image loading and conversion for path ./labeled_images/سلطان فهيد العجمي/0.jpeg: ENOENT, No such file or directory './labeled_images/سلطان فهيد العجمي/0.jpeg'
error: Error during image loading and conversion for path ./labeled_images/عبدالرحمن سعيد الجهني/0.jpeg: ENOENT, No such file or directory './labeled_images/عبدالرحمن سعيد الجهني/0.jpeg'
error: Error during image loading and conversion for path ./labeled_images/عبدالله سعود العريفي/0.jpeg: ENOENT, No such file or directory './labeled_images/عبدالله سعود العريفي/0.jpeg'
error: Error during image loading and conversion for path ./labeled_images/فهد محمد الدوسري/0.jpeg: ENOENT, No such file or directory './labeled_images/فهد محمد الدوسري/0.jpeg'
error: Error during image loading and conversion for path ./labeled_images/مهند حسين الدوسري/0.jpeg: ENOENT, No such file or directory './labeled_images/مهند حسين الدوسري/0.jpeg'
error: Error during server setup: ENOENT, No such file or directory './labeled_images/سلطان فهيد العجمي/0.jpeg'
error: Error during server setup: ENOENT, No such file or directory './labeled_images/عبدالرحمن سعيد الجهني/0.jpeg'
error: Error during server setup: ENOENT, No such file or directory './labeled_images/عبدالله سعود العريفي/0.jpeg'
error: Error during server setup: ENOENT, No such file or directory './labeled_images/فهد محمد الدوسري/0.jpeg'
error: Error during server setup: ENOENT, No such file or directory './labeled_images/مهند حسين الدوسري/0.jpeg'
error: Error during image loading and conversion for path ./labeled_images/سلطان_فهيد_العجمي/0.jpeg: ENOENT, No such file or directory './labeled_images/سلطان_فهيد_العجمي/0.jpeg'
error: Error during image loading and conversion for path ./labeled_images/عبدالرحمن سعيد الجهني/0.jpeg: ENOENT, No such file or directory './labeled_images/عبدالرحمن سعيد الجهني/0.jpeg'
error: Error during image loading and conversion for path ./labeled_images/عبدالله سعود العريفي/0.jpeg: ENOENT, No such file or directory './labeled_images/عبدالله سعود العريفي/0.jpeg'
error: Error during image loading and conversion for path ./labeled_images/فهد محمد الدوسري/0.jpeg: ENOENT, No such file or directory './labeled_images/فهد محمد الدوسري/0.jpeg'
error: Error during image loading and conversion for path ./labeled_images/مهند حسين الدوسري/0.jpeg: ENOENT, No such file or directory './labeled_images/مهند حسين الدوسري/0.jpeg'
error: Error during server setup: ENOENT, No such file or directory './labeled_images/سلطان_فهيد_العجمي/0.jpeg'
error: Error during server setup: ENOENT, No such file or directory './labeled_images/عبدالرحمن سعيد الجهني/0.jpeg'
error: Error during server setup: ENOENT, No such file or directory './labeled_images/عبدالله سعود العريفي/0.jpeg'
error: Error during server setup: ENOENT, No such file or directory './labeled_images/فهد محمد الدوسري/0.jpeg'
error: Error during server setup: ENOENT, No such file or directory './labeled_images/مهند حسين الدوسري/0.jpeg'
error: Error during image loading and conversion for path ./labeled_images/سلطان_فهيد_العجمي/0.jpeg: ENOENT, No such file or directory './labeled_images/سلطان_فهيد_العجمي/0.jpeg'
error: Error during image loading and conversion for path ./labeled_images/عبدالرحمن سعيد الجهني/0.jpeg: ENOENT, No such file or directory './labeled_images/عبدالرحمن سعيد الجهني/0.jpeg'
error: Error during image loading and conversion for path ./labeled_images/عبدالله سعود العريفي/0.jpeg: ENOENT, No such file or directory './labeled_images/عبدالله سعود العريفي/0.jpeg'
error: Error during image loading and conversion for path ./labeled_images/فهد محمد الدوسري/0.jpeg: ENOENT, No such file or directory './labeled_images/فهد محمد الدوسري/0.jpeg'
error: Error during image loading and conversion for path ./labeled_images/مهند حسين الدوسري/0.jpeg: ENOENT, No such file or directory './labeled_images/مهند حسين الدوسري/0.jpeg'
error: Error during server setup: ENOENT, No such file or directory './labeled_images/سلطان_فهيد_العجمي/0.jpeg'
error: Error during server setup: ENOENT, No such file or directory './labeled_images/عبدالرحمن سعيد الجهني/0.jpeg'
error: Error during server setup: ENOENT, No such file or directory './labeled_images/عبدالله سعود العريفي/0.jpeg'
error: Error during server setup: ENOENT, No such file or directory './labeled_images/فهد محمد الدوسري/0.jpeg'
error: Error during server setup: ENOENT, No such file or directory './labeled_images/مهند حسين الدوسري/0.jpeg'
error: Error during image loading and conversion for path ./labeled_images/سلطان_فهيد_العجمي/0.jpeg: ENOENT, No such file or directory './labeled_images/سلطان_فهيد_العجمي/0.jpeg'
error: Error during image loading and conversion for path ./labeled_images/عبدالرحمن سعيد الجهني/0.jpeg: ENOENT, No such file or directory './labeled_images/عبدالرحمن سعيد الجهني/0.jpeg'
error: Error during image loading and conversion for path ./labeled_images/عبدالله سعود العريفي/0.jpeg: ENOENT, No such file or directory './labeled_images/عبدالله سعود العريفي/0.jpeg'
error: Error during image loading and conversion for path ./labeled_images/فهد محمد الدوسري/0.jpeg: ENOENT, No such file or directory './labeled_images/فهد محمد الدوسري/0.jpeg'
error: Error during image loading and conversion for path ./labeled_images/مهند حسين الدوسري/0.jpeg: ENOENT, No such file or directory './labeled_images/مهند حسين الدوسري/0.jpeg'
error: Error during server setup: ENOENT, No such file or directory './labeled_images/سلطان_فهيد_العجمي/0.jpeg'
error: Error during server setup: ENOENT, No such file or directory './labeled_images/عبدالرحمن سعيد الجهني/0.jpeg'
error: Error during server setup: ENOENT, No such file or directory './labeled_images/عبدالله سعود العريفي/0.jpeg'
error: Error during server setup: ENOENT, No such file or directory './labeled_images/فهد محمد الدوسري/0.jpeg'
error: Error during server setup: ENOENT, No such file or directory './labeled_images/مهند حسين الدوسري/0.jpeg'
error: Error during image loading and conversion for path ./labeled_images/سلطان_فهيد_العجمي/0.jpeg: ENOENT, No such file or directory './labeled_images/سلطان_فهيد_العجمي/0.jpeg'
error: Error during image loading and conversion for path ./labeled_images/عبدالرحمن سعيد الجهني/0.jpeg: ENOENT, No such file or directory './labeled_images/عبدالرحمن سعيد الجهني/0.jpeg'
error: Error during image loading and conversion for path ./labeled_images/عبدالله سعود العريفي/0.jpeg: ENOENT, No such file or directory './labeled_images/عبدالله سعود العريفي/0.jpeg'
error: Error during image loading and conversion for path ./labeled_images/فهد محمد الدوسري/0.jpeg: ENOENT, No such file or directory './labeled_images/فهد محمد الدوسري/0.jpeg'
error: Error during image loading and conversion for path ./labeled_images/مهند حسين الدوسري/0.jpeg: ENOENT, No such file or directory './labeled_images/مهند حسين الدوسري/0.jpeg'
error: Error during server setup: ENOENT, No such file or directory './labeled_images/سلطان_فهيد_العجمي/0.jpeg'
error: Error during server setup: ENOENT, No such file or directory './labeled_images/عبدالرحمن سعيد الجهني/0.jpeg'
error: Error during server setup: ENOENT, No such file or directory './labeled_images/عبدالله سعود العريفي/0.jpeg'
error: Error during server setup: ENOENT, No such file or directory './labeled_images/فهد محمد الدوسري/0.jpeg'
error: Error during server setup: ENOENT, No such file or directory './labeled_images/مهند حسين الدوسري/0.jpeg'
error: Error during image loading and conversion for path ./labeled_images/%D8%B3%D9%84%D8%B7%D8%A7%D9%86_%D9%81%D9%87%D9%8A%D8%AF_%D8%A7%D9%84%D8%B9%D8%AC%D9%85%D9%8A/0.jpeg: ENOENT, No such file or directory './labeled_images/%D8%B3%D9%84%D8%B7%D8%A7%D9%86_%D9%81%D9%87%D9%8A%D8%AF_%D8%A7%D9%84%D8%B9%D8%AC%D9%85%D9%8A/0.jpeg'
error: Error during server setup: arabicText is not defined
error: Error during server setup: arabicText is not defined
error: Error during server setup: arabicText is not defined
error: Error during server setup: arabicText is not defined
error: Error during server setup: arabicText is not defined
error: Error during server setup: arabicText is not defined
error: Error during server setup: arabicText is not defined
error: Error during server setup: arabicText is not defined
error: Error during server setup: arabicText is not defined
error: Error during server setup: arabicText is not defined
error: Error during server setup: arabicText is not defined
error: Error during server setup: arabicText is not defined
error: Error during server setup: arabicText is not defined
error: Error during image loading and conversion for path ./labeled_images/%D8%B3%D9%84%D8%B7%D8%A7%D9%86_%D9%81%D9%87%D9%8A%D8%AF_%D8%A7%D9%84%D8%B9%D8%AC%D9%85%D9%8A/0.jpeg: ENOENT, No such file or directory './labeled_images/%D8%B3%D9%84%D8%B7%D8%A7%D9%86_%D9%81%D9%87%D9%8A%D8%AF_%D8%A7%D9%84%D8%B9%D8%AC%D9%85%D9%8A/0.jpeg'
error: Error during image loading and conversion for path ./labeled_images/سلطان_فهيد_العجمي/0.jpeg: ENOENT, No such file or directory './labeled_images/سلطان_فهيد_العجمي/0.jpeg'
error: Error during image loading and conversion for path ./labeled_images/سلطان_فهيد_العجمي/0.jpeg: ENOENT, No such file or directory './labeled_images/سلطان_فهيد_العجمي/0.jpeg'
error: Error during image loading and conversion for path ./labeled_images/سلطان_فهيد_العجمي/0.jpeg: ENOENT, No such file or directory './labeled_images/سلطان_فهيد_العجمي/0.jpeg'
error: Error during server setup: Class constructor TextDecoder cannot be invoked without 'new'
error: Error during server setup: Class constructor TextDecoder cannot be invoked without 'new'
error: Error during server setup: Class constructor TextDecoder cannot be invoked without 'new'
error: Error during server setup: Class constructor TextDecoder cannot be invoked without 'new'
error: Error during server setup: Class constructor TextDecoder cannot be invoked without 'new'
error: Error during server setup: Class constructor TextDecoder cannot be invoked without 'new'
error: Error during server setup: Class constructor TextDecoder cannot be invoked without 'new'
error: Error during server setup: Class constructor TextDecoder cannot be invoked without 'new'
error: Error during server setup: Class constructor TextDecoder cannot be invoked without 'new'
error: Error during server setup: Class constructor TextDecoder cannot be invoked without 'new'
error: Error during server setup: Class constructor TextDecoder cannot be invoked without 'new'
error: Error during server setup: Class constructor TextDecoder cannot be invoked without 'new'
error: Error during server setup: Class constructor TextDecoder cannot be invoked without 'new'
error: Error during server setup: Class constructor TextDecoder cannot be invoked without 'new'
error: Error during server setup: Class constructor TextDecoder cannot be invoked without 'new'
error: Error during server setup: Class constructor TextDecoder cannot be invoked without 'new'
error: Error during server setup: Class constructor TextDecoder cannot be invoked without 'new'
error: Error during server setup: Class constructor TextDecoder cannot be invoked without 'new'
error: Error during server setup: Class constructor TextDecoder cannot be invoked without 'new'
error: Error during server setup: Class constructor TextDecoder cannot be invoked without 'new'
error: Error during server setup: Class constructor TextDecoder cannot be invoked without 'new'
error: Error during server setup: Class constructor TextDecoder cannot be invoked without 'new'
error: Error during server setup: Class constructor TextDecoder cannot be invoked without 'new'
error: Error during server setup: Class constructor TextDecoder cannot be invoked without 'new'
error: Error during server setup: Class constructor TextDecoder cannot be invoked without 'new'
error: Error during server setup: Class constructor TextDecoder cannot be invoked without 'new'
error: Error during image loading and conversion for path ./labeled_images/سلطان_فهيد_العجمي/0.jpeg: ENOENT, No such file or directory './labeled_images/سلطان_فهيد_العجمي/0.jpeg'
error: Error during server setup: print is not defined
error: Error during server setup: print is not defined
error: Error during server setup: print is not defined
error: Error during server setup: print is not defined
error: Error during server setup: print is not defined
error: Error during server setup: print is not defined
error: Error during server setup: print is not defined
error: Error during server setup: print is not defined
error: Error during server setup: print is not defined
error: Error during server setup: print is not defined
error: Error during server setup: print is not defined
error: Error during server setup: print is not defined
error: Error during server setup: print is not defined
error: Error during image loading and conversion for path ./labeled_images/سلطان_فهيد_العجمي/0.jpeg: ENOENT, No such file or directory './labeled_images/سلطان_فهيد_العجمي/0.jpeg'
error: Error during image loading and conversion for path ./labeled_images/سلطان_فهيد_العجمي/0.jpeg: ENOENT, No such file or directory './labeled_images/سلطان_فهيد_العجمي/0.jpeg'
error: Error during image loading and conversion for path ./labeled_images/سلطان_فهيد_العجمي/0.jpeg: ENOENT, No such file or directory './labeled_images/سلطان_فهيد_العجمي/0.jpeg'
error: Error during image loading and conversion for path ./labeled_images/%D8%B3%D9%84%D8%B7%D8%A7%D9%86_%D9%81%D9%87%D9%8A%D8%AF_%D8%A7%D9%84%D8%B9%D8%AC%D9%85%D9%8A/0.jpeg: ENOENT, No such file or directory './labeled_images/%D8%B3%D9%84%D8%B7%D8%A7%D9%86_%D9%81%D9%87%D9%8A%D8%AF_%D8%A7%D9%84%D8%B9%D8%AC%D9%85%D9%8A/0.jpeg'
error: Error during image loading and conversion for path ./labeled_images/سلطان_فهيد_العجمي/0.jpeg: ENOENT, No such file or directory './labeled_images/سلطان_فهيد_العجمي/0.jpeg'
error: Error during image loading and conversion for path ./labeled_images/عبدالرحمن سعيد الجهني/0.jpeg: ENOENT, No such file or directory './labeled_images/عبدالرحمن سعيد الجهني/0.jpeg'
error: Error during image loading and conversion for path ./labeled_images/عبدالله سعود العريفي/0.jpeg: ENOENT, No such file or directory './labeled_images/عبدالله سعود العريفي/0.jpeg'
error: Error during image loading and conversion for path ./labeled_images/فهد محمد الدوسري/0.jpeg: ENOENT, No such file or directory './labeled_images/فهد محمد الدوسري/0.jpeg'
error: Error during image loading and conversion for path ./labeled_images/مهند حسين الدوسري/0.jpeg: ENOENT, No such file or directory './labeled_images/مهند حسين الدوسري/0.jpeg'
error: Error during server setup: ENOENT, No such file or directory './labeled_images/سلطان_فهيد_العجمي/0.jpeg'
error: Error during server setup: ENOENT, No such file or directory './labeled_images/عبدالرحمن سعيد الجهني/0.jpeg'
error: Error during server setup: ENOENT, No such file or directory './labeled_images/عبدالله سعود العريفي/0.jpeg'
error: Error during server setup: ENOENT, No such file or directory './labeled_images/فهد محمد الدوسري/0.jpeg'
error: Error during server setup: ENOENT, No such file or directory './labeled_images/مهند حسين الدوسري/0.jpeg'
error: Error during image loading and conversion for path ./labeled_images/سلطان_فهيد_العجمي/0.jpeg: ENOENT, No such file or directory './labeled_images/سلطان_فهيد_العجمي/0.jpeg'
error: Error during image loading and conversion for path ./labeled_images/rekeB_damhA/0.jpeg: ENOENT, No such file or directory './labeled_images/rekeB_damhA/0.jpeg'
error: Error during image loading and conversion for path ./labeled_images/rawnA_laliB/0.jpeg: ENOENT, No such file or directory './labeled_images/rawnA_laliB/0.jpeg'
error: Error during image loading and conversion for path ./labeled_images/eilE_rD/0.jpeg: ENOENT, No such file or directory './labeled_images/eilE_rD/0.jpeg'
error: Error during image loading and conversion for path ./labeled_images/inraqlA_aarsE/0.jpeg: ENOENT, No such file or directory './labeled_images/inraqlA_aarsE/0.jpeg'
error: Error during image loading and conversion for path ./labeled_images/lidA_demahoM/0.jpeg: ENOENT, No such file or directory './labeled_images/lidA_demahoM/0.jpeg'
error: Error during image loading and conversion for path ./labeled_images/isabbA_leebaN/0.jpeg: ENOENT, No such file or directory './labeled_images/isabbA_leebaN/0.jpeg'
error: Error during image loading and conversion for path ./labeled_images/rajjuTlA_haraS/0.jpeg: ENOENT, No such file or directory './labeled_images/rajjuTlA_haraS/0.jpeg'
error: Error during image loading and conversion for path ./labeled_images/hallahtaF_fesuoY/0.jpeg: ENOENT, No such file or directory './labeled_images/hallahtaF_fesuoY/0.jpeg'
error: Error during image loading and conversion for path ./labeled_images/يمجعلا_ديهف_ناطلس/0.jpeg: ENOENT, No such file or directory './labeled_images/يمجعلا_ديهف_ناطلس/0.jpeg'
error: Error during image loading and conversion for path ./labeled_images/ينهجلا ديعس نمحرلادبع/0.jpeg: ENOENT, No such file or directory './labeled_images/ينهجلا ديعس نمحرلادبع/0.jpeg'
error: Error during image loading and conversion for path ./labeled_images/يفيرعلا دوعس هللادبع/0.jpeg: ENOENT, No such file or directory './labeled_images/يفيرعلا دوعس هللادبع/0.jpeg'
error: Error during image loading and conversion for path ./labeled_images/يرسودلا دمحم دهف/0.jpeg: ENOENT, No such file or directory './labeled_images/يرسودلا دمحم دهف/0.jpeg'
error: Error during image loading and conversion for path ./labeled_images/يرسودلا نيسح دنهم/0.jpeg: ENOENT, No such file or directory './labeled_images/يرسودلا نيسح دنهم/0.jpeg'
error: Error during server setup: ENOENT, No such file or directory './labeled_images/rekeB_damhA/0.jpeg'
error: Error during server setup: ENOENT, No such file or directory './labeled_images/rawnA_laliB/0.jpeg'
error: Error during server setup: ENOENT, No such file or directory './labeled_images/eilE_rD/0.jpeg'
error: Error during server setup: ENOENT, No such file or directory './labeled_images/inraqlA_aarsE/0.jpeg'
error: Error during server setup: ENOENT, No such file or directory './labeled_images/lidA_demahoM/0.jpeg'
error: Error during server setup: ENOENT, No such file or directory './labeled_images/isabbA_leebaN/0.jpeg'
error: Error during server setup: ENOENT, No such file or directory './labeled_images/rajjuTlA_haraS/0.jpeg'
error: Error during server setup: ENOENT, No such file or directory './labeled_images/hallahtaF_fesuoY/0.jpeg'
error: Error during server setup: ENOENT, No such file or directory './labeled_images/يمجعلا_ديهف_ناطلس/0.jpeg'
error: Error during server setup: ENOENT, No such file or directory './labeled_images/ينهجلا ديعس نمحرلادبع/0.jpeg'
error: Error during server setup: ENOENT, No such file or directory './labeled_images/يفيرعلا دوعس هللادبع/0.jpeg'
error: Error during server setup: ENOENT, No such file or directory './labeled_images/يرسودلا دمحم دهف/0.jpeg'
error: Error during server setup: ENOENT, No such file or directory './labeled_images/يرسودلا نيسح دنهم/0.jpeg'
error: Error during image loading and conversion for path ./labeled_images/يمجعلا_ديهف_ناطلس/0.jpeg: ENOENT, No such file or directory './labeled_images/يمجعلا_ديهف_ناطلس/0.jpeg'
error: Error during image loading and conversion for path ./labeled_images/سلطان_فهيد_العجمي/0.jpeg: ENOENT, No such file or directory './labeled_images/سلطان_فهيد_العجمي/0.jpeg'
error: Error during image loading and conversion for path ./labeled_images/عبدالرحمن سعيد الجهني/0.jpeg: ENOENT, No such file or directory './labeled_images/عبدالرحمن سعيد الجهني/0.jpeg'
error: Error during image loading and conversion for path ./labeled_images/عبدالله سعود العريفي/0.jpeg: ENOENT, No such file or directory './labeled_images/عبدالله سعود العريفي/0.jpeg'
error: Error during image loading and conversion for path ./labeled_images/فهد محمد الدوسري/0.jpeg: ENOENT, No such file or directory './labeled_images/فهد محمد الدوسري/0.jpeg'
error: Error during image loading and conversion for path ./labeled_images/مهند حسين الدوسري/0.jpeg: ENOENT, No such file or directory './labeled_images/مهند حسين الدوسري/0.jpeg'
error: Error during server setup: ENOENT, No such file or directory './labeled_images/سلطان_فهيد_العجمي/0.jpeg'
error: Error during server setup: ENOENT, No such file or directory './labeled_images/عبدالرحمن سعيد الجهني/0.jpeg'
error: Error during server setup: ENOENT, No such file or directory './labeled_images/عبدالله سعود العريفي/0.jpeg'
error: Error during server setup: ENOENT, No such file or directory './labeled_images/فهد محمد الدوسري/0.jpeg'
error: Error during server setup: ENOENT, No such file or directory './labeled_images/مهند حسين الدوسري/0.jpeg'
error: Error during image loading and conversion for path ./labeled_images/سلطان_فهيد_العجمي/0.jpeg: ENOENT, No such file or directory './labeled_images/سلطان_فهيد_العجمي/0.jpeg'
error: Error during image loading and conversion for path ./labeled_images/يمجعلا_ديهف_ناطلس/0.jpeg: ENOENT, No such file or directory './labeled_images/يمجعلا_ديهف_ناطلس/0.jpeg'
error: Error during image loading and conversion for path ./labeled_images/يمجعلا_ديهف_ناطلس/0.jpeg: ENOENT, No such file or directory './labeled_images/يمجعلا_ديهف_ناطلس/0.jpeg'
error: Error during image loading and conversion for path ./labeled_images/ينهجلا ديعس نمحرلادبع/0.jpeg: ENOENT, No such file or directory './labeled_images/ينهجلا ديعس نمحرلادبع/0.jpeg'
error: Error during image loading and conversion for path ./labeled_images/يفيرعلا دوعس هللادبع/0.jpeg: ENOENT, No such file or directory './labeled_images/يفيرعلا دوعس هللادبع/0.jpeg'
error: Error during image loading and conversion for path ./labeled_images/يرسودلا دمحم دهف/0.jpeg: ENOENT, No such file or directory './labeled_images/يرسودلا دمحم دهف/0.jpeg'
error: Error during image loading and conversion for path ./labeled_images/يرسودلا نيسح دنهم/0.jpeg: ENOENT, No such file or directory './labeled_images/يرسودلا نيسح دنهم/0.jpeg'
error: Error during server setup: ENOENT, No such file or directory './labeled_images/يمجعلا_ديهف_ناطلس/0.jpeg'
error: Error during server setup: ENOENT, No such file or directory './labeled_images/ينهجلا ديعس نمحرلادبع/0.jpeg'
error: Error during server setup: ENOENT, No such file or directory './labeled_images/يفيرعلا دوعس هللادبع/0.jpeg'
error: Error during server setup: ENOENT, No such file or directory './labeled_images/يرسودلا دمحم دهف/0.jpeg'
error: Error during server setup: ENOENT, No such file or directory './labeled_images/يرسودلا نيسح دنهم/0.jpeg'
error: Error during image loading and conversion for path ./labeled_images/يمجعلا_ديهف_ناطلس/0.jpeg: ENOENT, No such file or directory './labeled_images/يمجعلا_ديهف_ناطلس/0.jpeg'
error: Error during image loading and conversion for path ./labeled_images/ينهجلا ديعس نمحرلادبع/0.jpeg: ENOENT, No such file or directory './labeled_images/ينهجلا ديعس نمحرلادبع/0.jpeg'
error: Error during image loading and conversion for path ./labeled_images/يفيرعلا دوعس هللادبع/0.jpeg: ENOENT, No such file or directory './labeled_images/يفيرعلا دوعس هللادبع/0.jpeg'
error: Error during image loading and conversion for path ./labeled_images/يرسودلا دمحم دهف/0.jpeg: ENOENT, No such file or directory './labeled_images/يرسودلا دمحم دهف/0.jpeg'
error: Error during image loading and conversion for path ./labeled_images/يرسودلا نيسح دنهم/0.jpeg: ENOENT, No such file or directory './labeled_images/يرسودلا نيسح دنهم/0.jpeg'
error: Error during server setup: ENOENT, No such file or directory './labeled_images/يمجعلا_ديهف_ناطلس/0.jpeg'
error: Error during server setup: ENOENT, No such file or directory './labeled_images/ينهجلا ديعس نمحرلادبع/0.jpeg'
error: Error during server setup: ENOENT, No such file or directory './labeled_images/يفيرعلا دوعس هللادبع/0.jpeg'
error: Error during server setup: ENOENT, No such file or directory './labeled_images/يرسودلا دمحم دهف/0.jpeg'
error: Error during server setup: ENOENT, No such file or directory './labeled_images/يرسودلا نيسح دنهم/0.jpeg'
error: Error during image loading and conversion for path ./labeled_images/يمجعلا_ديهف_ناطلس/0.jpeg: ENOENT, No such file or directory './labeled_images/يمجعلا_ديهف_ناطلس/0.jpeg'
error: Error during image loading and conversion for path ./labeled_images/ينهجلا ديعس نمحرلادبع/0.jpeg: ENOENT, No such file or directory './labeled_images/ينهجلا ديعس نمحرلادبع/0.jpeg'
error: Error during image loading and conversion for path ./labeled_images/يفيرعلا دوعس هللادبع/0.jpeg: ENOENT, No such file or directory './labeled_images/يفيرعلا دوعس هللادبع/0.jpeg'
error: Error during image loading and conversion for path ./labeled_images/يرسودلا دمحم دهف/0.jpeg: ENOENT, No such file or directory './labeled_images/يرسودلا دمحم دهف/0.jpeg'
error: Error during image loading and conversion for path ./labeled_images/يرسودلا نيسح دنهم/0.jpeg: ENOENT, No such file or directory './labeled_images/يرسودلا نيسح دنهم/0.jpeg'
error: Error during server setup: ENOENT, No such file or directory './labeled_images/يمجعلا_ديهف_ناطلس/0.jpeg'
error: Error during server setup: ENOENT, No such file or directory './labeled_images/ينهجلا ديعس نمحرلادبع/0.jpeg'
error: Error during server setup: ENOENT, No such file or directory './labeled_images/يفيرعلا دوعس هللادبع/0.jpeg'
error: Error during server setup: ENOENT, No such file or directory './labeled_images/يرسودلا دمحم دهف/0.jpeg'
error: Error during server setup: ENOENT, No such file or directory './labeled_images/يرسودلا نيسح دنهم/0.jpeg'
error: Error during server setup: Directory does not exist: ./labeled_images/يمجعلا_ديهف_ناطلس
error: Error during server setup: Directory does not exist: ./labeled_images/ينهجلا ديعس نمحرلادبع
error: Error during server setup: Directory does not exist: ./labeled_images/يفيرعلا دوعس هللادبع
error: Error during server setup: Directory does not exist: ./labeled_images/يرسودلا دمحم دهف
error: Error during server setup: Directory does not exist: ./labeled_images/يرسودلا نيسح دنهم
error: Error during image loading and conversion for path ./labeled_images/يمجعلا_ديهف_ناطلس/0.jpeg: ENOENT, No such file or directory './labeled_images/يمجعلا_ديهف_ناطلس/0.jpeg'
error: Error during image loading and conversion for path ./labeled_images/ينهجلا ديعس نمحرلادبع/0.jpeg: ENOENT, No such file or directory './labeled_images/ينهجلا ديعس نمحرلادبع/0.jpeg'
error: Error during image loading and conversion for path ./labeled_images/يفيرعلا دوعس هللادبع/0.jpeg: ENOENT, No such file or directory './labeled_images/يفيرعلا دوعس هللادبع/0.jpeg'
error: Error during image loading and conversion for path ./labeled_images/يرسودلا دمحم دهف/0.jpeg: ENOENT, No such file or directory './labeled_images/يرسودلا دمحم دهف/0.jpeg'
error: Error during image loading and conversion for path ./labeled_images/يرسودلا نيسح دنهم/0.jpeg: ENOENT, No such file or directory './labeled_images/يرسودلا نيسح دنهم/0.jpeg'
error: Error during server setup: ENOENT, No such file or directory './labeled_images/يمجعلا_ديهف_ناطلس/0.jpeg'
error: Error during server setup: ENOENT, No such file or directory './labeled_images/ينهجلا ديعس نمحرلادبع/0.jpeg'
error: Error during server setup: ENOENT, No such file or directory './labeled_images/يفيرعلا دوعس هللادبع/0.jpeg'
error: Error during server setup: ENOENT, No such file or directory './labeled_images/يرسودلا دمحم دهف/0.jpeg'
error: Error during server setup: ENOENT, No such file or directory './labeled_images/يرسودلا نيسح دنهم/0.jpeg'
error: Error during image loading and conversion for path ./labeled_images/سلطان_فهيد_العجمي/0.jpeg: ENOENT, No such file or directory './labeled_images/سلطان_فهيد_العجمي/0.jpeg'
error: Error during image loading and conversion for path ./labeled_images/عبدالرحمن سعيد الجهني/0.jpeg: ENOENT, No such file or directory './labeled_images/عبدالرحمن سعيد الجهني/0.jpeg'
error: Error during image loading and conversion for path ./labeled_images/عبدالله سعود العريفي/0.jpeg: ENOENT, No such file or directory './labeled_images/عبدالله سعود العريفي/0.jpeg'
error: Error during image loading and conversion for path ./labeled_images/فهد محمد الدوسري/0.jpeg: ENOENT, No such file or directory './labeled_images/فهد محمد الدوسري/0.jpeg'
error: Error during image loading and conversion for path ./labeled_images/مهند حسين الدوسري/0.jpeg: ENOENT, No such file or directory './labeled_images/مهند حسين الدوسري/0.jpeg'
error: Error during server setup: ENOENT, No such file or directory './labeled_images/سلطان_فهيد_العجمي/0.jpeg'
error: Error during server setup: ENOENT, No such file or directory './labeled_images/عبدالرحمن سعيد الجهني/0.jpeg'
error: Error during server setup: ENOENT, No such file or directory './labeled_images/عبدالله سعود العريفي/0.jpeg'
error: Error during server setup: ENOENT, No such file or directory './labeled_images/فهد محمد الدوسري/0.jpeg'
error: Error during server setup: ENOENT, No such file or directory './labeled_images/مهند حسين الدوسري/0.jpeg'
error: Error during image loading and conversion for path ./labeled_images/سلطان_فهيد_العجمي/0.jpeg: ENOENT, No such file or directory './labeled_images/سلطان_فهيد_العجمي/0.jpeg'
error: Error during image loading and conversion for path ./labeled_images/سلطان_فهيد_العجمي/0.jpeg: ENOENT, No such file or directory './labeled_images/سلطان_فهيد_العجمي/0.jpeg'
error: Error during image loading and conversion for path ./labeled_images/سلطان_فهيد_العجمي/0.jpeg: ENOENT, No such file or directory './labeled_images/سلطان_فهيد_العجمي/0.jpeg'
error: Error during image loading and conversion for path ./labeled_images/سلطان_فهيد_العجمي/0.jpeg: ENOENT, No such file or directory './labeled_images/سلطان_فهيد_العجمي/0.jpeg'
error: Error during image loading and conversion for path ./labeled_images/سلطان_فهيد_العجمي/0.jpeg: ENOENT, No such file or directory './labeled_images/سلطان_فهيد_العجمي/0.jpeg'
error: Error during image loading and conversion for path ./labeled_images/سلطان_فهيد_العجمي/0.jpeg: ENOENT, No such file or directory './labeled_images/سلطان_فهيد_العجمي/0.jpeg'
error: Error during image loading and conversion for path ./labeled_images/سلطان_فهيد_العجمي/0.jpeg: ENOENT, No such file or directory './labeled_images/سلطان_فهيد_العجمي/0.jpeg'
error: Error during image loading and conversion for path ./labeled_images/سلطان_فهيد_العجمي/0.jpeg: ENOENT, No such file or directory './labeled_images/سلطان_فهيد_العجمي/0.jpeg'
error: Error during image loading and conversion for path ./labeled_images/عبدالرحمن سعيد الجهني/0.jpeg: ENOENT, No such file or directory './labeled_images/عبدالرحمن سعيد الجهني/0.jpeg'
error: Error during image loading and conversion for path ./labeled_images/عبدالله سعود العريفي/0.jpeg: ENOENT, No such file or directory './labeled_images/عبدالله سعود العريفي/0.jpeg'
error: Error during image loading and conversion for path ./labeled_images/فهد محمد الدوسري/0.jpeg: ENOENT, No such file or directory './labeled_images/فهد محمد الدوسري/0.jpeg'
error: Error during image loading and conversion for path ./labeled_images/مهند حسين الدوسري/0.jpeg: ENOENT, No such file or directory './labeled_images/مهند حسين الدوسري/0.jpeg'
error: Error during server setup: ENOENT, No such file or directory './labeled_images/سلطان_فهيد_العجمي/0.jpeg'
error: Error during server setup: ENOENT, No such file or directory './labeled_images/عبدالرحمن سعيد الجهني/0.jpeg'
error: Error during server setup: ENOENT, No such file or directory './labeled_images/عبدالله سعود العريفي/0.jpeg'
error: Error during server setup: ENOENT, No such file or directory './labeled_images/فهد محمد الدوسري/0.jpeg'
error: Error during server setup: ENOENT, No such file or directory './labeled_images/مهند حسين الدوسري/0.jpeg'
error: Error during image loading and conversion for path ./labeled_images/سلطان_فهيد_العجمي/0.jpeg: ENOENT, No such file or directory './labeled_images/سلطان_فهيد_العجمي/0.jpeg'
error: Error during image loading and conversion for path ./labeled_images/سلطان_فهيد_العجمي/0.jpeg: ENOENT, No such file or directory './labeled_images/سلطان_فهيد_العجمي/0.jpeg'
error: Error during image loading and conversion for path ./labeled_images/سلطان_فهيد_العجمي/0.jpeg: ENOENT, No such file or directory './labeled_images/سلطان_فهيد_العجمي/0.jpeg'
error: Error during image loading and conversion for path C:\Users\sarah\OneDrive\Desktop\QSS Projects\FaceApi\Face_Api\labeled_images\سلطان_فهيد_العجمي\0.jpeg: ENOENT, No such file or directory 'C:\Users\sarah\OneDrive\Desktop\QSS Projects\FaceApi\Face_Api\labeled_images\سلطان_فهيد_العجمي\0.jpeg'
error: Error during image loading and conversion for path C:\Users\sarah\OneDrive\Desktop\QSS Projects\FaceApi\Face_Api\labeled_images\سلطان_فهيد_العجمي\1.jpeg: ENOENT, No such file or directory 'C:\Users\sarah\OneDrive\Desktop\QSS Projects\FaceApi\Face_Api\labeled_images\سلطان_فهيد_العجمي\1.jpeg'
error: Error during image loading and conversion for path C:\Users\sarah\OneDrive\Desktop\QSS Projects\FaceApi\Face_Api\labeled_images\سلطان_فهيد_العجمي\2.jpeg: ENOENT, No such file or directory 'C:\Users\sarah\OneDrive\Desktop\QSS Projects\FaceApi\Face_Api\labeled_images\سلطان_فهيد_العجمي\2.jpeg'
error: Error during image loading and conversion for path C:\Users\sarah\OneDrive\Desktop\QSS Projects\FaceApi\Face_Api\labeled_images\سلطان_فهيد_العجمي\3.jpeg: ENOENT, No such file or directory 'C:\Users\sarah\OneDrive\Desktop\QSS Projects\FaceApi\Face_Api\labeled_images\سلطان_فهيد_العجمي\3.jpeg'
error: Error during image loading and conversion for path C:\Users\sarah\OneDrive\Desktop\QSS Projects\FaceApi\Face_Api\labeled_images\سلطان_فهيد_العجمي\4.jpeg: ENOENT, No such file or directory 'C:\Users\sarah\OneDrive\Desktop\QSS Projects\FaceApi\Face_Api\labeled_images\سلطان_فهيد_العجمي\4.jpeg'
error: Error during image loading and conversion for path C:\Users\sarah\OneDrive\Desktop\QSS Projects\FaceApi\Face_Api\labeled_images\سلطان_فهيد_العجمي\5.jpeg: ENOENT, No such file or directory 'C:\Users\sarah\OneDrive\Desktop\QSS Projects\FaceApi\Face_Api\labeled_images\سلطان_فهيد_العجمي\5.jpeg'
error: Error during image loading and conversion for path C:\Users\sarah\OneDrive\Desktop\QSS Projects\FaceApi\Face_Api\labeled_images\سلطان_فهيد_العجمي\6.jpeg: ENOENT, No such file or directory 'C:\Users\sarah\OneDrive\Desktop\QSS Projects\FaceApi\Face_Api\labeled_images\سلطان_فهيد_العجمي\6.jpeg'
error: Error during image loading and conversion for path C:\Users\sarah\OneDrive\Desktop\QSS Projects\FaceApi\Face_Api\labeled_images\عبدالرحمن سعيد الجهني\0.jpeg: ENOENT, No such file or directory 'C:\Users\sarah\OneDrive\Desktop\QSS Projects\FaceApi\Face_Api\labeled_images\عبدالرحمن سعيد الجهني\0.jpeg'
error: Error during image loading and conversion for path C:\Users\sarah\OneDrive\Desktop\QSS Projects\FaceApi\Face_Api\labeled_images\عبدالرحمن سعيد الجهني\1.jpeg: ENOENT, No such file or directory 'C:\Users\sarah\OneDrive\Desktop\QSS Projects\FaceApi\Face_Api\labeled_images\عبدالرحمن سعيد الجهني\1.jpeg'
error: Error during image loading and conversion for path C:\Users\sarah\OneDrive\Desktop\QSS Projects\FaceApi\Face_Api\labeled_images\عبدالرحمن سعيد الجهني\2.jpeg: ENOENT, No such file or directory 'C:\Users\sarah\OneDrive\Desktop\QSS Projects\FaceApi\Face_Api\labeled_images\عبدالرحمن سعيد الجهني\2.jpeg'
error: Error during image loading and conversion for path C:\Users\sarah\OneDrive\Desktop\QSS Projects\FaceApi\Face_Api\labeled_images\عبدالرحمن سعيد الجهني\3.jpeg: ENOENT, No such file or directory 'C:\Users\sarah\OneDrive\Desktop\QSS Projects\FaceApi\Face_Api\labeled_images\عبدالرحمن سعيد الجهني\3.jpeg'
error: Error during image loading and conversion for path C:\Users\sarah\OneDrive\Desktop\QSS Projects\FaceApi\Face_Api\labeled_images\عبدالرحمن سعيد الجهني\4.jpeg: ENOENT, No such file or directory 'C:\Users\sarah\OneDrive\Desktop\QSS Projects\FaceApi\Face_Api\labeled_images\عبدالرحمن سعيد الجهني\4.jpeg'
error: Error during image loading and conversion for path C:\Users\sarah\OneDrive\Desktop\QSS Projects\FaceApi\Face_Api\labeled_images\عبدالرحمن سعيد الجهني\5.jpeg: ENOENT, No such file or directory 'C:\Users\sarah\OneDrive\Desktop\QSS Projects\FaceApi\Face_Api\labeled_images\عبدالرحمن سعيد الجهني\5.jpeg'
error: Error during image loading and conversion for path C:\Users\sarah\OneDrive\Desktop\QSS Projects\FaceApi\Face_Api\labeled_images\عبدالرحمن سعيد الجهني\6.jpeg: ENOENT, No such file or directory 'C:\Users\sarah\OneDrive\Desktop\QSS Projects\FaceApi\Face_Api\labeled_images\عبدالرحمن سعيد الجهني\6.jpeg'
error: Error during image loading and conversion for path C:\Users\sarah\OneDrive\Desktop\QSS Projects\FaceApi\Face_Api\labeled_images\عبدالله سعود العريفي\0.jpeg: ENOENT, No such file or directory 'C:\Users\sarah\OneDrive\Desktop\QSS Projects\FaceApi\Face_Api\labeled_images\عبدالله سعود العريفي\0.jpeg'
error: Error during image loading and conversion for path C:\Users\sarah\OneDrive\Desktop\QSS Projects\FaceApi\Face_Api\labeled_images\عبدالله سعود العريفي\1.jpeg: ENOENT, No such file or directory 'C:\Users\sarah\OneDrive\Desktop\QSS Projects\FaceApi\Face_Api\labeled_images\عبدالله سعود العريفي\1.jpeg'
error: Error during image loading and conversion for path C:\Users\sarah\OneDrive\Desktop\QSS Projects\FaceApi\Face_Api\labeled_images\عبدالله سعود العريفي\2.jpeg: ENOENT, No such file or directory 'C:\Users\sarah\OneDrive\Desktop\QSS Projects\FaceApi\Face_Api\labeled_images\عبدالله سعود العريفي\2.jpeg'
error: Error during image loading and conversion for path C:\Users\sarah\OneDrive\Desktop\QSS Projects\FaceApi\Face_Api\labeled_images\عبدالله سعود العريفي\3.jpeg: ENOENT, No such file or directory 'C:\Users\sarah\OneDrive\Desktop\QSS Projects\FaceApi\Face_Api\labeled_images\عبدالله سعود العريفي\3.jpeg'
error: Error during image loading and conversion for path C:\Users\sarah\OneDrive\Desktop\QSS Projects\FaceApi\Face_Api\labeled_images\عبدالله سعود العريفي\4.jpeg: ENOENT, No such file or directory 'C:\Users\sarah\OneDrive\Desktop\QSS Projects\FaceApi\Face_Api\labeled_images\عبدالله سعود العريفي\4.jpeg'
error: Error during image loading and conversion for path C:\Users\sarah\OneDrive\Desktop\QSS Projects\FaceApi\Face_Api\labeled_images\عبدالله سعود العريفي\5.jpeg: ENOENT, No such file or directory 'C:\Users\sarah\OneDrive\Desktop\QSS Projects\FaceApi\Face_Api\labeled_images\عبدالله سعود العريفي\5.jpeg'
error: Error during image loading and conversion for path C:\Users\sarah\OneDrive\Desktop\QSS Projects\FaceApi\Face_Api\labeled_images\عبدالله سعود العريفي\6.jpeg: ENOENT, No such file or directory 'C:\Users\sarah\OneDrive\Desktop\QSS Projects\FaceApi\Face_Api\labeled_images\عبدالله سعود العريفي\6.jpeg'
error: Error during image loading and conversion for path C:\Users\sarah\OneDrive\Desktop\QSS Projects\FaceApi\Face_Api\labeled_images\عبدالله سعود العريفي\WhatsApp Image 2024-07-01 at 11.07.42 AM.jpeg: ENOENT, No such file or directory 'C:\Users\sarah\OneDrive\Desktop\QSS Projects\FaceApi\Face_Api\labeled_images\عبدالله سعود العريفي\WhatsApp Image 2024-07-01 at 11.07.42 AM.jpeg'
error: Error during image loading and conversion for path C:\Users\sarah\OneDrive\Desktop\QSS Projects\FaceApi\Face_Api\labeled_images\عبدالله سعود العريفي\WhatsApp Image 2024-07-01 at 11.07.43 AM (1).jpeg: ENOENT, No such file or directory 'C:\Users\sarah\OneDrive\Desktop\QSS Projects\FaceApi\Face_Api\labeled_images\عبدالله سعود العريفي\WhatsApp Image 2024-07-01 at 11.07.43 AM (1).jpeg'
error: Error during image loading and conversion for path C:\Users\sarah\OneDrive\Desktop\QSS Projects\FaceApi\Face_Api\labeled_images\عبدالله سعود العريفي\WhatsApp Image 2024-07-01 at 11.07.43 AM (2).jpeg: ENOENT, No such file or directory 'C:\Users\sarah\OneDrive\Desktop\QSS Projects\FaceApi\Face_Api\labeled_images\عبدالله سعود العريفي\WhatsApp Image 2024-07-01 at 11.07.43 AM (2).jpeg'
error: Error during image loading and conversion for path C:\Users\sarah\OneDrive\Desktop\QSS Projects\FaceApi\Face_Api\labeled_images\عبدالله سعود العريفي\WhatsApp Image 2024-07-01 at 11.07.44 AM (1).jpeg: ENOENT, No such file or directory 'C:\Users\sarah\OneDrive\Desktop\QSS Projects\FaceApi\Face_Api\labeled_images\عبدالله سعود العريفي\WhatsApp Image 2024-07-01 at 11.07.44 AM (1).jpeg'
error: Error during image loading and conversion for path C:\Users\sarah\OneDrive\Desktop\QSS Projects\FaceApi\Face_Api\labeled_images\عبدالله سعود العريفي\WhatsApp Image 2024-07-01 at 11.07.44 AM (2).jpeg: ENOENT, No such file or directory 'C:\Users\sarah\OneDrive\Desktop\QSS Projects\FaceApi\Face_Api\labeled_images\عبدالله سعود العريفي\WhatsApp Image 2024-07-01 at 11.07.44 AM (2).jpeg'
error: Error during image loading and conversion for path C:\Users\sarah\OneDrive\Desktop\QSS Projects\FaceApi\Face_Api\labeled_images\عبدالله سعود العريفي\WhatsApp Image 2024-07-01 at 11.07.45 AM (1).jpeg: ENOENT, No such file or directory 'C:\Users\sarah\OneDrive\Desktop\QSS Projects\FaceApi\Face_Api\labeled_images\عبدالله سعود العريفي\WhatsApp Image 2024-07-01 at 11.07.45 AM (1).jpeg'
error: Error during image loading and conversion for path C:\Users\sarah\OneDrive\Desktop\QSS Projects\FaceApi\Face_Api\labeled_images\عبدالله سعود العريفي\WhatsApp Image 2024-07-01 at 11.07.45 AM.jpeg: ENOENT, No such file or directory 'C:\Users\sarah\OneDrive\Desktop\QSS Projects\FaceApi\Face_Api\labeled_images\عبدالله سعود العريفي\WhatsApp Image 2024-07-01 at 11.07.45 AM.jpeg'
error: Error during image loading and conversion for path C:\Users\sarah\OneDrive\Desktop\QSS Projects\FaceApi\Face_Api\labeled_images\فهد محمد الدوسري\0.jpeg: ENOENT, No such file or directory 'C:\Users\sarah\OneDrive\Desktop\QSS Projects\FaceApi\Face_Api\labeled_images\فهد محمد الدوسري\0.jpeg'
error: Error during image loading and conversion for path C:\Users\sarah\OneDrive\Desktop\QSS Projects\FaceApi\Face_Api\labeled_images\فهد محمد الدوسري\1.jpeg: ENOENT, No such file or directory 'C:\Users\sarah\OneDrive\Desktop\QSS Projects\FaceApi\Face_Api\labeled_images\فهد محمد الدوسري\1.jpeg'
error: Error during image loading and conversion for path C:\Users\sarah\OneDrive\Desktop\QSS Projects\FaceApi\Face_Api\labeled_images\فهد محمد الدوسري\2.jpeg: ENOENT, No such file or directory 'C:\Users\sarah\OneDrive\Desktop\QSS Projects\FaceApi\Face_Api\labeled_images\فهد محمد الدوسري\2.jpeg'
error: Error during image loading and conversion for path C:\Users\sarah\OneDrive\Desktop\QSS Projects\FaceApi\Face_Api\labeled_images\فهد محمد الدوسري\3.jpeg: ENOENT, No such file or directory 'C:\Users\sarah\OneDrive\Desktop\QSS Projects\FaceApi\Face_Api\labeled_images\فهد محمد الدوسري\3.jpeg'
error: Error during image loading and conversion for path C:\Users\sarah\OneDrive\Desktop\QSS Projects\FaceApi\Face_Api\labeled_images\فهد محمد الدوسري\4.jpeg: ENOENT, No such file or directory 'C:\Users\sarah\OneDrive\Desktop\QSS Projects\FaceApi\Face_Api\labeled_images\فهد محمد الدوسري\4.jpeg'
error: Error during image loading and conversion for path C:\Users\sarah\OneDrive\Desktop\QSS Projects\FaceApi\Face_Api\labeled_images\فهد محمد الدوسري\5.jpeg: ENOENT, No such file or directory 'C:\Users\sarah\OneDrive\Desktop\QSS Projects\FaceApi\Face_Api\labeled_images\فهد محمد الدوسري\5.jpeg'
error: Error during image loading and conversion for path C:\Users\sarah\OneDrive\Desktop\QSS Projects\FaceApi\Face_Api\labeled_images\فهد محمد الدوسري\WhatsApp Image 2024-07-01 at 11.06.49 AM.jpeg: ENOENT, No such file or directory 'C:\Users\sarah\OneDrive\Desktop\QSS Projects\FaceApi\Face_Api\labeled_images\فهد محمد الدوسري\WhatsApp Image 2024-07-01 at 11.06.49 AM.jpeg'
error: Error during image loading and conversion for path C:\Users\sarah\OneDrive\Desktop\QSS Projects\FaceApi\Face_Api\labeled_images\فهد محمد الدوسري\WhatsApp Image 2024-07-01 at 11.06.52 AM (1).jpeg: ENOENT, No such file or directory 'C:\Users\sarah\OneDrive\Desktop\QSS Projects\FaceApi\Face_Api\labeled_images\فهد محمد الدوسري\WhatsApp Image 2024-07-01 at 11.06.52 AM (1).jpeg'
error: Error during image loading and conversion for path C:\Users\sarah\OneDrive\Desktop\QSS Projects\FaceApi\Face_Api\labeled_images\فهد محمد الدوسري\WhatsApp Image 2024-07-01 at 11.06.52 AM.jpeg: ENOENT, No such file or directory 'C:\Users\sarah\OneDrive\Desktop\QSS Projects\FaceApi\Face_Api\labeled_images\فهد محمد الدوسري\WhatsApp Image 2024-07-01 at 11.06.52 AM.jpeg'
error: Error during image loading and conversion for path C:\Users\sarah\OneDrive\Desktop\QSS Projects\FaceApi\Face_Api\labeled_images\مهند حسين الدوسري\0.jpeg: ENOENT, No such file or directory 'C:\Users\sarah\OneDrive\Desktop\QSS Projects\FaceApi\Face_Api\labeled_images\مهند حسين الدوسري\0.jpeg'
error: Error during image loading and conversion for path C:\Users\sarah\OneDrive\Desktop\QSS Projects\FaceApi\Face_Api\labeled_images\مهند حسين الدوسري\1.jpeg: ENOENT, No such file or directory 'C:\Users\sarah\OneDrive\Desktop\QSS Projects\FaceApi\Face_Api\labeled_images\مهند حسين الدوسري\1.jpeg'
error: Error during image loading and conversion for path C:\Users\sarah\OneDrive\Desktop\QSS Projects\FaceApi\Face_Api\labeled_images\مهند حسين الدوسري\3.jpeg: ENOENT, No such file or directory 'C:\Users\sarah\OneDrive\Desktop\QSS Projects\FaceApi\Face_Api\labeled_images\مهند حسين الدوسري\3.jpeg'
error: Error during image loading and conversion for path C:\Users\sarah\OneDrive\Desktop\QSS Projects\FaceApi\Face_Api\labeled_images\مهند حسين الدوسري\4.jpeg: ENOENT, No such file or directory 'C:\Users\sarah\OneDrive\Desktop\QSS Projects\FaceApi\Face_Api\labeled_images\مهند حسين الدوسري\4.jpeg'
error: Error during image loading and conversion for path C:\Users\sarah\OneDrive\Desktop\QSS Projects\FaceApi\Face_Api\labeled_images\مهند حسين الدوسري\5.jpeg: ENOENT, No such file or directory 'C:\Users\sarah\OneDrive\Desktop\QSS Projects\FaceApi\Face_Api\labeled_images\مهند حسين الدوسري\5.jpeg'
error: Error during image loading and conversion for path C:\Users\sarah\OneDrive\Desktop\QSS Projects\FaceApi\Face_Api\labeled_images\مهند حسين الدوسري\6.jpeg: ENOENT, No such file or directory 'C:\Users\sarah\OneDrive\Desktop\QSS Projects\FaceApi\Face_Api\labeled_images\مهند حسين الدوسري\6.jpeg'
error: Error during image loading and conversion for path C:\Users\sarah\OneDrive\Desktop\QSS Projects\FaceApi\Face_Api\labeled_images\مهند حسين الدوسري\WhatsApp Image 2024-07-01 at 11.06.29 AM (1).jpeg: ENOENT, No such file or directory 'C:\Users\sarah\OneDrive\Desktop\QSS Projects\FaceApi\Face_Api\labeled_images\مهند حسين الدوسري\WhatsApp Image 2024-07-01 at 11.06.29 AM (1).jpeg'
error: Error during image loading and conversion for path C:\Users\sarah\OneDrive\Desktop\QSS Projects\FaceApi\Face_Api\labeled_images\مهند حسين الدوسري\WhatsApp Image 2024-07-01 at 11.06.29 AM.jpeg: ENOENT, No such file or directory 'C:\Users\sarah\OneDrive\Desktop\QSS Projects\FaceApi\Face_Api\labeled_images\مهند حسين الدوسري\WhatsApp Image 2024-07-01 at 11.06.29 AM.jpeg'
error: Error during image loading and conversion for path C:\Users\sarah\OneDrive\Desktop\QSS Projects\FaceApi\Face_Api\labeled_images\مهند حسين الدوسري\WhatsApp Image 2024-07-01 at 11.06.31 AM (1).jpeg: ENOENT, No such file or directory 'C:\Users\sarah\OneDrive\Desktop\QSS Projects\FaceApi\Face_Api\labeled_images\مهند حسين الدوسري\WhatsApp Image 2024-07-01 at 11.06.31 AM (1).jpeg'
error: Error during image loading and conversion for path C:\Users\sarah\OneDrive\Desktop\QSS Projects\FaceApi\Face_Api\labeled_images\مهند حسين الدوسري\WhatsApp Image 2024-07-01 at 11.06.31 AM (2).jpeg: ENOENT, No such file or directory 'C:\Users\sarah\OneDrive\Desktop\QSS Projects\FaceApi\Face_Api\labeled_images\مهند حسين الدوسري\WhatsApp Image 2024-07-01 at 11.06.31 AM (2).jpeg'
error: Error during image loading and conversion for path C:\Users\sarah\OneDrive\Desktop\QSS Projects\FaceApi\Face_Api\labeled_images\مهند حسين الدوسري\WhatsApp Image 2024-07-01 at 11.06.31 AM (3).jpeg: ENOENT, No such file or directory 'C:\Users\sarah\OneDrive\Desktop\QSS Projects\FaceApi\Face_Api\labeled_images\مهند حسين الدوسري\WhatsApp Image 2024-07-01 at 11.06.31 AM (3).jpeg'
error: Error during image loading and conversion for path C:\Users\sarah\OneDrive\Desktop\QSS Projects\FaceApi\Face_Api\labeled_images\مهند حسين الدوسري\WhatsApp Image 2024-07-01 at 11.06.31 AM.jpeg: ENOENT, No such file or directory 'C:\Users\sarah\OneDrive\Desktop\QSS Projects\FaceApi\Face_Api\labeled_images\مهند حسين الدوسري\WhatsApp Image 2024-07-01 at 11.06.31 AM.jpeg'
error: Error during server setup: ENOENT, No such file or directory 'C:\Users\sarah\OneDrive\Desktop\QSS Projects\FaceApi\Face_Api\labeled_images\سلطان_فهيد_العجمي\0.jpeg'
error: Error during server setup: ENOENT, No such file or directory 'C:\Users\sarah\OneDrive\Desktop\QSS Projects\FaceApi\Face_Api\labeled_images\سلطان_فهيد_العجمي\1.jpeg'
error: Error during server setup: ENOENT, No such file or directory 'C:\Users\sarah\OneDrive\Desktop\QSS Projects\FaceApi\Face_Api\labeled_images\سلطان_فهيد_العجمي\2.jpeg'
error: Error during server setup: ENOENT, No such file or directory 'C:\Users\sarah\OneDrive\Desktop\QSS Projects\FaceApi\Face_Api\labeled_images\سلطان_فهيد_العجمي\3.jpeg'
error: Error during server setup: ENOENT, No such file or directory 'C:\Users\sarah\OneDrive\Desktop\QSS Projects\FaceApi\Face_Api\labeled_images\سلطان_فهيد_العجمي\4.jpeg'
error: Error during server setup: ENOENT, No such file or directory 'C:\Users\sarah\OneDrive\Desktop\QSS Projects\FaceApi\Face_Api\labeled_images\سلطان_فهيد_العجمي\5.jpeg'
error: Error during server setup: ENOENT, No such file or directory 'C:\Users\sarah\OneDrive\Desktop\QSS Projects\FaceApi\Face_Api\labeled_images\سلطان_فهيد_العجمي\6.jpeg'
error: Error during server setup: ENOENT, No such file or directory 'C:\Users\sarah\OneDrive\Desktop\QSS Projects\FaceApi\Face_Api\labeled_images\عبدالرحمن سعيد الجهني\0.jpeg'
error: Error during server setup: ENOENT, No such file or directory 'C:\Users\sarah\OneDrive\Desktop\QSS Projects\FaceApi\Face_Api\labeled_images\عبدالرحمن سعيد الجهني\1.jpeg'
error: Error during server setup: ENOENT, No such file or directory 'C:\Users\sarah\OneDrive\Desktop\QSS Projects\FaceApi\Face_Api\labeled_images\عبدالرحمن سعيد الجهني\2.jpeg'
error: Error during server setup: ENOENT, No such file or directory 'C:\Users\sarah\OneDrive\Desktop\QSS Projects\FaceApi\Face_Api\labeled_images\عبدالرحمن سعيد الجهني\3.jpeg'
error: Error during server setup: ENOENT, No such file or directory 'C:\Users\sarah\OneDrive\Desktop\QSS Projects\FaceApi\Face_Api\labeled_images\عبدالرحمن سعيد الجهني\4.jpeg'
error: Error during server setup: ENOENT, No such file or directory 'C:\Users\sarah\OneDrive\Desktop\QSS Projects\FaceApi\Face_Api\labeled_images\عبدالرحمن سعيد الجهني\5.jpeg'
error: Error during server setup: ENOENT, No such file or directory 'C:\Users\sarah\OneDrive\Desktop\QSS Projects\FaceApi\Face_Api\labeled_images\عبدالرحمن سعيد الجهني\6.jpeg'
error: Error during server setup: ENOENT, No such file or directory 'C:\Users\sarah\OneDrive\Desktop\QSS Projects\FaceApi\Face_Api\labeled_images\عبدالله سعود العريفي\0.jpeg'
error: Error during server setup: ENOENT, No such file or directory 'C:\Users\sarah\OneDrive\Desktop\QSS Projects\FaceApi\Face_Api\labeled_images\عبدالله سعود العريفي\1.jpeg'
error: Error during server setup: ENOENT, No such file or directory 'C:\Users\sarah\OneDrive\Desktop\QSS Projects\FaceApi\Face_Api\labeled_images\عبدالله سعود العريفي\2.jpeg'
error: Error during server setup: ENOENT, No such file or directory 'C:\Users\sarah\OneDrive\Desktop\QSS Projects\FaceApi\Face_Api\labeled_images\عبدالله سعود العريفي\3.jpeg'
error: Error during server setup: ENOENT, No such file or directory 'C:\Users\sarah\OneDrive\Desktop\QSS Projects\FaceApi\Face_Api\labeled_images\عبدالله سعود العريفي\4.jpeg'
error: Error during server setup: ENOENT, No such file or directory 'C:\Users\sarah\OneDrive\Desktop\QSS Projects\FaceApi\Face_Api\labeled_images\عبدالله سعود العريفي\5.jpeg'
error: Error during server setup: ENOENT, No such file or directory 'C:\Users\sarah\OneDrive\Desktop\QSS Projects\FaceApi\Face_Api\labeled_images\عبدالله سعود العريفي\6.jpeg'
error: Error during server setup: ENOENT, No such file or directory 'C:\Users\sarah\OneDrive\Desktop\QSS Projects\FaceApi\Face_Api\labeled_images\عبدالله سعود العريفي\WhatsApp Image 2024-07-01 at 11.07.42 AM.jpeg'
error: Error during server setup: ENOENT, No such file or directory 'C:\Users\sarah\OneDrive\Desktop\QSS Projects\FaceApi\Face_Api\labeled_images\عبدالله سعود العريفي\WhatsApp Image 2024-07-01 at 11.07.43 AM (1).jpeg'
error: Error during server setup: ENOENT, No such file or directory 'C:\Users\sarah\OneDrive\Desktop\QSS Projects\FaceApi\Face_Api\labeled_images\عبدالله سعود العريفي\WhatsApp Image 2024-07-01 at 11.07.43 AM (2).jpeg'
error: Error during server setup: ENOENT, No such file or directory 'C:\Users\sarah\OneDrive\Desktop\QSS Projects\FaceApi\Face_Api\labeled_images\عبدالله سعود العريفي\WhatsApp Image 2024-07-01 at 11.07.44 AM (1).jpeg'
error: Error during server setup: ENOENT, No such file or directory 'C:\Users\sarah\OneDrive\Desktop\QSS Projects\FaceApi\Face_Api\labeled_images\عبدالله سعود العريفي\WhatsApp Image 2024-07-01 at 11.07.44 AM (2).jpeg'
error: Error during server setup: ENOENT, No such file or directory 'C:\Users\sarah\OneDrive\Desktop\QSS Projects\FaceApi\Face_Api\labeled_images\عبدالله سعود العريفي\WhatsApp Image 2024-07-01 at 11.07.45 AM (1).jpeg'
error: Error during server setup: ENOENT, No such file or directory 'C:\Users\sarah\OneDrive\Desktop\QSS Projects\FaceApi\Face_Api\labeled_images\عبدالله سعود العريفي\WhatsApp Image 2024-07-01 at 11.07.45 AM.jpeg'
error: Error during server setup: ENOENT, No such file or directory 'C:\Users\sarah\OneDrive\Desktop\QSS Projects\FaceApi\Face_Api\labeled_images\فهد محمد الدوسري\0.jpeg'
error: Error during server setup: ENOENT, No such file or directory 'C:\Users\sarah\OneDrive\Desktop\QSS Projects\FaceApi\Face_Api\labeled_images\فهد محمد الدوسري\1.jpeg'
error: Error during server setup: ENOENT, No such file or directory 'C:\Users\sarah\OneDrive\Desktop\QSS Projects\FaceApi\Face_Api\labeled_images\فهد محمد الدوسري\2.jpeg'
error: Error during server setup: ENOENT, No such file or directory 'C:\Users\sarah\OneDrive\Desktop\QSS Projects\FaceApi\Face_Api\labeled_images\فهد محمد الدوسري\3.jpeg'
error: Error during server setup: ENOENT, No such file or directory 'C:\Users\sarah\OneDrive\Desktop\QSS Projects\FaceApi\Face_Api\labeled_images\فهد محمد الدوسري\4.jpeg'
error: Error during server setup: ENOENT, No such file or directory 'C:\Users\sarah\OneDrive\Desktop\QSS Projects\FaceApi\Face_Api\labeled_images\فهد محمد الدوسري\5.jpeg'
error: Error during server setup: ENOENT, No such file or directory 'C:\Users\sarah\OneDrive\Desktop\QSS Projects\FaceApi\Face_Api\labeled_images\فهد محمد الدوسري\WhatsApp Image 2024-07-01 at 11.06.49 AM.jpeg'
error: Error during server setup: ENOENT, No such file or directory 'C:\Users\sarah\OneDrive\Desktop\QSS Projects\FaceApi\Face_Api\labeled_images\فهد محمد الدوسري\WhatsApp Image 2024-07-01 at 11.06.52 AM (1).jpeg'
error: Error during server setup: ENOENT, No such file or directory 'C:\Users\sarah\OneDrive\Desktop\QSS Projects\FaceApi\Face_Api\labeled_images\فهد محمد الدوسري\WhatsApp Image 2024-07-01 at 11.06.52 AM.jpeg'
error: Error during server setup: ENOENT, No such file or directory 'C:\Users\sarah\OneDrive\Desktop\QSS Projects\FaceApi\Face_Api\labeled_images\مهند حسين الدوسري\0.jpeg'
error: Error during server setup: ENOENT, No such file or directory 'C:\Users\sarah\OneDrive\Desktop\QSS Projects\FaceApi\Face_Api\labeled_images\مهند حسين الدوسري\1.jpeg'
error: Error during server setup: ENOENT, No such file or directory 'C:\Users\sarah\OneDrive\Desktop\QSS Projects\FaceApi\Face_Api\labeled_images\مهند حسين الدوسري\3.jpeg'
error: Error during server setup: ENOENT, No such file or directory 'C:\Users\sarah\OneDrive\Desktop\QSS Projects\FaceApi\Face_Api\labeled_images\مهند حسين الدوسري\4.jpeg'
error: Error during server setup: ENOENT, No such file or directory 'C:\Users\sarah\OneDrive\Desktop\QSS Projects\FaceApi\Face_Api\labeled_images\مهند حسين الدوسري\5.jpeg'
error: Error during server setup: ENOENT, No such file or directory 'C:\Users\sarah\OneDrive\Desktop\QSS Projects\FaceApi\Face_Api\labeled_images\مهند حسين الدوسري\6.jpeg'
error: Error during server setup: ENOENT, No such file or directory 'C:\Users\sarah\OneDrive\Desktop\QSS Projects\FaceApi\Face_Api\labeled_images\مهند حسين الدوسري\WhatsApp Image 2024-07-01 at 11.06.29 AM (1).jpeg'
error: Error during server setup: ENOENT, No such file or directory 'C:\Users\sarah\OneDrive\Desktop\QSS Projects\FaceApi\Face_Api\labeled_images\مهند حسين الدوسري\WhatsApp Image 2024-07-01 at 11.06.29 AM.jpeg'
error: Error during server setup: ENOENT, No such file or directory 'C:\Users\sarah\OneDrive\Desktop\QSS Projects\FaceApi\Face_Api\labeled_images\مهند حسين الدوسري\WhatsApp Image 2024-07-01 at 11.06.31 AM (1).jpeg'
error: Error during server setup: ENOENT, No such file or directory 'C:\Users\sarah\OneDrive\Desktop\QSS Projects\FaceApi\Face_Api\labeled_images\مهند حسين الدوسري\WhatsApp Image 2024-07-01 at 11.06.31 AM (2).jpeg'
error: Error during server setup: ENOENT, No such file or directory 'C:\Users\sarah\OneDrive\Desktop\QSS Projects\FaceApi\Face_Api\labeled_images\مهند حسين الدوسري\WhatsApp Image 2024-07-01 at 11.06.31 AM (3).jpeg'
error: Error during server setup: ENOENT, No such file or directory 'C:\Users\sarah\OneDrive\Desktop\QSS Projects\FaceApi\Face_Api\labeled_images\مهند حسين الدوسري\WhatsApp Image 2024-07-01 at 11.06.31 AM.jpeg'
error: Error during server setup: Face not detected for C:\Users\sarah\OneDrive\Desktop\QSS Projects\FaceApi\Face_Api\labeled_images\Ahmad_Beker\WhatsApp Image 2024-07-01 at 11.08.00 AM (3).jpeg
error: Error during server setup: Face not detected for C:\Users\sarah\OneDrive\Desktop\QSS Projects\FaceApi\Face_Api\labeled_images\Ahmad_Beker\WhatsApp Image 2024-07-01 at 11.08.01 AM.jpeg
error: Error during image loading and conversion for path C:\Users\sarah\OneDrive\Desktop\QSS Projects\FaceApi\Face_Api\labeled_images\سلطان_فهيد_العجمي\0.jpeg: ENOENT, No such file or directory 'C:\Users\sarah\OneDrive\Desktop\QSS Projects\FaceApi\Face_Api\labeled_images\سلطان_فهيد_العجمي\0.jpeg'
error: Error during image loading and conversion for path C:\Users\sarah\OneDrive\Desktop\QSS Projects\FaceApi\Face_Api\labeled_images\سلطان_فهيد_العجمي\1.jpeg: ENOENT, No such file or directory 'C:\Users\sarah\OneDrive\Desktop\QSS Projects\FaceApi\Face_Api\labeled_images\سلطان_فهيد_العجمي\1.jpeg'
error: Error during image loading and conversion for path C:\Users\sarah\OneDrive\Desktop\QSS Projects\FaceApi\Face_Api\labeled_images\سلطان_فهيد_العجمي\2.jpeg: ENOENT, No such file or directory 'C:\Users\sarah\OneDrive\Desktop\QSS Projects\FaceApi\Face_Api\labeled_images\سلطان_فهيد_العجمي\2.jpeg'
error: Error during image loading and conversion for path C:\Users\sarah\OneDrive\Desktop\QSS Projects\FaceApi\Face_Api\labeled_images\سلطان_فهيد_العجمي\3.jpeg: ENOENT, No such file or directory 'C:\Users\sarah\OneDrive\Desktop\QSS Projects\FaceApi\Face_Api\labeled_images\سلطان_فهيد_العجمي\3.jpeg'
error: Error during image loading and conversion for path C:\Users\sarah\OneDrive\Desktop\QSS Projects\FaceApi\Face_Api\labeled_images\سلطان_فهيد_العجمي\4.jpeg: ENOENT, No such file or directory 'C:\Users\sarah\OneDrive\Desktop\QSS Projects\FaceApi\Face_Api\labeled_images\سلطان_فهيد_العجمي\4.jpeg'
error: Error during image loading and conversion for path C:\Users\sarah\OneDrive\Desktop\QSS Projects\FaceApi\Face_Api\labeled_images\سلطان_فهيد_العجمي\5.jpeg: ENOENT, No such file or directory 'C:\Users\sarah\OneDrive\Desktop\QSS Projects\FaceApi\Face_Api\labeled_images\سلطان_فهيد_العجمي\5.jpeg'
error: Error during server setup: ENOENT, No such file or directory 'C:\Users\sarah\OneDrive\Desktop\QSS Projects\FaceApi\Face_Api\labeled_images\سلطان_فهيد_العجمي\0.jpeg'
error: Error during server setup: ENOENT, No such file or directory 'C:\Users\sarah\OneDrive\Desktop\QSS Projects\FaceApi\Face_Api\labeled_images\سلطان_فهيد_العجمي\1.jpeg'
error: Error during server setup: ENOENT, No such file or directory 'C:\Users\sarah\OneDrive\Desktop\QSS Projects\FaceApi\Face_Api\labeled_images\سلطان_فهيد_العجمي\2.jpeg'
error: Error during server setup: ENOENT, No such file or directory 'C:\Users\sarah\OneDrive\Desktop\QSS Projects\FaceApi\Face_Api\labeled_images\سلطان_فهيد_العجمي\3.jpeg'
error: Error during server setup: ENOENT, No such file or directory 'C:\Users\sarah\OneDrive\Desktop\QSS Projects\FaceApi\Face_Api\labeled_images\سلطان_فهيد_العجمي\4.jpeg'
error: Error during server setup: ENOENT, No such file or directory 'C:\Users\sarah\OneDrive\Desktop\QSS Projects\FaceApi\Face_Api\labeled_images\سلطان_فهيد_العجمي\5.jpeg'
error: Error during image loading and conversion for path ./labeled_images/سلطان_فهيد_العجمي/0.jpeg: ENOENT, No such file or directory './labeled_images/سلطان_فهيد_العجمي/0.jpeg'
error: Error during image loading and conversion for path ./labeled_images/13/2.jpeg: ENOENT, No such file or directory './labeled_images/13/2.jpeg'
error: Error during server setup: ENOENT, No such file or directory './labeled_images/13/2.jpeg'
error: Error during server setup: Face not detected for 1720007509088/3
